Arguments: 
  /Users/seokchan.kwon/.nvm/versions/node/v9.8.0/bin/node /Users/seokchan.kwon/.nvm/versions/node/v9.8.0/bin/yarn self-update

PATH: 
  /Users/seokchan.kwon/.nvm/versions/node/v9.8.0/bin:/Library/Frameworks/Python.framework/Versions/2.7/bin:/Library/Frameworks/Python.framework/Versions/3.6/bin:%PATH:/bin:/usr/local/bin:/usr/bin:/Users/seokchan.kwon/Library/Android/sdk/tools:/Users/seokchan.kwon/Library/Android/sdk/platform-tools

Yarn version: 
  1.5.1

Node version: 
  9.8.0

Platform: 
  darwin x64

npm manifest: 
  {
    "name": "JavaScriptPractice",
    "version": "1.0.0",
    "description": "",
    "main": "index.js",
    "dependencies": {
      "@std/esm": "^0.25.2",
      "babel-preset-env": "^1.6.1",
      "babel-preset-latest": "^6.24.1",
      "express": "^4.16.3",
      "flow-bin": "^0.67.1",
      "lodash": "^4.17.5",
      "react": "^16.2.0",
      "react-dom": "^16.2.0"
    },
    "devDependencies": {
      "babel-cli": "^6.26.0",
      "babel-core": "^6.26.0",
      "babel-loader": "^7.1.4",
      "babel-preset-es2015": "^6.24.1",
      "babel-preset-react": "^6.24.1",
      "webpack": "^4.1.1",
      "webpack-dev-server": "^3.1.1"
    },
    "scripts": {
      "test": "echo \"Error: no test specified\" && exit 1"
    },
    "keywords": [],
    "author": "",
    "license": "ISC"
  }

yarn manifest: 
  No manifest

Lockfile: 
  No lockfile

Trace: 
  Error: Command "self-update" not found.
      at new MessageError (/Users/seokchan.kwon/.nvm/versions/node/v9.8.0/lib/node_modules/yarn/lib/cli.js:186:110)
      at /Users/seokchan.kwon/.nvm/versions/node/v9.8.0/lib/node_modules/yarn/lib/cli.js:87307:17
      at Generator.next (<anonymous>)
      at step (/Users/seokchan.kwon/.nvm/versions/node/v9.8.0/lib/node_modules/yarn/lib/cli.js:98:30)
      at /Users/seokchan.kwon/.nvm/versions/node/v9.8.0/lib/node_modules/yarn/lib/cli.js:116:14
      at new Promise (<anonymous>)
      at new F (/Users/seokchan.kwon/.nvm/versions/node/v9.8.0/lib/node_modules/yarn/lib/cli.js:23451:28)
      at /Users/seokchan.kwon/.nvm/versions/node/v9.8.0/lib/node_modules/yarn/lib/cli.js:95:12
      at runCommand (/Users/seokchan.kwon/.nvm/versions/node/v9.8.0/lib/node_modules/yarn/lib/cli.js:87312:22)
      at Object.<anonymous> (/Users/seokchan.kwon/.nvm/versions/node/v9.8.0/lib/node_modules/yarn/lib/cli.js:87412:14)
